
usart/usart.elf:     file format elf32-avr


Disassembly of section .text:

00000000 <__vectors>:
   0:	0c 94 34 00 	jmp	0x68	; 0x68 <__ctors_end>
   4:	0c 94 49 00 	jmp	0x92	; 0x92 <__bad_interrupt>
   8:	0c 94 49 00 	jmp	0x92	; 0x92 <__bad_interrupt>
   c:	0c 94 49 00 	jmp	0x92	; 0x92 <__bad_interrupt>
  10:	0c 94 49 00 	jmp	0x92	; 0x92 <__bad_interrupt>
  14:	0c 94 49 00 	jmp	0x92	; 0x92 <__bad_interrupt>
  18:	0c 94 49 00 	jmp	0x92	; 0x92 <__bad_interrupt>
  1c:	0c 94 49 00 	jmp	0x92	; 0x92 <__bad_interrupt>
  20:	0c 94 49 00 	jmp	0x92	; 0x92 <__bad_interrupt>
  24:	0c 94 49 00 	jmp	0x92	; 0x92 <__bad_interrupt>
  28:	0c 94 49 00 	jmp	0x92	; 0x92 <__bad_interrupt>
  2c:	0c 94 49 00 	jmp	0x92	; 0x92 <__bad_interrupt>
  30:	0c 94 49 00 	jmp	0x92	; 0x92 <__bad_interrupt>
  34:	0c 94 49 00 	jmp	0x92	; 0x92 <__bad_interrupt>
  38:	0c 94 49 00 	jmp	0x92	; 0x92 <__bad_interrupt>
  3c:	0c 94 49 00 	jmp	0x92	; 0x92 <__bad_interrupt>
  40:	0c 94 49 00 	jmp	0x92	; 0x92 <__bad_interrupt>
  44:	0c 94 49 00 	jmp	0x92	; 0x92 <__bad_interrupt>
  48:	0c 94 49 00 	jmp	0x92	; 0x92 <__bad_interrupt>
  4c:	0c 94 49 00 	jmp	0x92	; 0x92 <__bad_interrupt>
  50:	0c 94 57 01 	jmp	0x2ae	; 0x2ae <__vector_20>
  54:	0c 94 49 00 	jmp	0x92	; 0x92 <__bad_interrupt>
  58:	0c 94 49 00 	jmp	0x92	; 0x92 <__bad_interrupt>
  5c:	0c 94 49 00 	jmp	0x92	; 0x92 <__bad_interrupt>
  60:	0c 94 49 00 	jmp	0x92	; 0x92 <__bad_interrupt>
  64:	0c 94 49 00 	jmp	0x92	; 0x92 <__bad_interrupt>

00000068 <__ctors_end>:
  68:	11 24       	eor	r1, r1
  6a:	1f be       	out	0x3f, r1	; 63
  6c:	cf ef       	ldi	r28, 0xFF	; 255
  6e:	d8 e0       	ldi	r29, 0x08	; 8
  70:	de bf       	out	0x3e, r29	; 62
  72:	cd bf       	out	0x3d, r28	; 61

00000074 <__do_copy_data>:
  74:	11 e0       	ldi	r17, 0x01	; 1
  76:	a0 e0       	ldi	r26, 0x00	; 0
  78:	b1 e0       	ldi	r27, 0x01	; 1
  7a:	ea e7       	ldi	r30, 0x7A	; 122
  7c:	f6 e0       	ldi	r31, 0x06	; 6
  7e:	02 c0       	rjmp	.+4      	; 0x84 <__do_copy_data+0x10>
  80:	05 90       	lpm	r0, Z+
  82:	0d 92       	st	X+, r0
  84:	a0 32       	cpi	r26, 0x20	; 32
  86:	b1 07       	cpc	r27, r17
  88:	d9 f7       	brne	.-10     	; 0x80 <__do_copy_data+0xc>
  8a:	0e 94 90 00 	call	0x120	; 0x120 <main>
  8e:	0c 94 3b 03 	jmp	0x676	; 0x676 <_exit>

00000092 <__bad_interrupt>:
  92:	0c 94 00 00 	jmp	0	; 0x0 <__vectors>

00000096 <transmitByte>:
  96:	cf 93       	push	r28
  98:	df 93       	push	r29
  9a:	0f 92       	push	r0
  9c:	cd b7       	in	r28, 0x3d	; 61
  9e:	de b7       	in	r29, 0x3e	; 62
  a0:	89 83       	std	Y+1, r24	; 0x01
  a2:	80 ec       	ldi	r24, 0xC0	; 192
  a4:	90 e0       	ldi	r25, 0x00	; 0
  a6:	fc 01       	movw	r30, r24
  a8:	80 81       	ld	r24, Z
  aa:	88 2f       	mov	r24, r24
  ac:	90 e0       	ldi	r25, 0x00	; 0
  ae:	80 72       	andi	r24, 0x20	; 32
  b0:	99 27       	eor	r25, r25
  b2:	89 2b       	or	r24, r25
  b4:	b1 f3       	breq	.-20     	; 0xa2 <transmitByte+0xc>
  b6:	86 ec       	ldi	r24, 0xC6	; 198
  b8:	90 e0       	ldi	r25, 0x00	; 0
  ba:	29 81       	ldd	r18, Y+1	; 0x01
  bc:	fc 01       	movw	r30, r24
  be:	20 83       	st	Z, r18
  c0:	00 00       	nop
  c2:	0f 90       	pop	r0
  c4:	df 91       	pop	r29
  c6:	cf 91       	pop	r28
  c8:	08 95       	ret

000000ca <printString>:
  ca:	cf 93       	push	r28
  cc:	df 93       	push	r29
  ce:	00 d0       	rcall	.+0      	; 0xd0 <printString+0x6>
  d0:	0f 92       	push	r0
  d2:	cd b7       	in	r28, 0x3d	; 61
  d4:	de b7       	in	r29, 0x3e	; 62
  d6:	9b 83       	std	Y+3, r25	; 0x03
  d8:	8a 83       	std	Y+2, r24	; 0x02
  da:	19 82       	std	Y+1, r1	; 0x01
  dc:	0e c0       	rjmp	.+28     	; 0xfa <printString+0x30>
  de:	89 81       	ldd	r24, Y+1	; 0x01
  e0:	88 2f       	mov	r24, r24
  e2:	90 e0       	ldi	r25, 0x00	; 0
  e4:	2a 81       	ldd	r18, Y+2	; 0x02
  e6:	3b 81       	ldd	r19, Y+3	; 0x03
  e8:	82 0f       	add	r24, r18
  ea:	93 1f       	adc	r25, r19
  ec:	fc 01       	movw	r30, r24
  ee:	80 81       	ld	r24, Z
  f0:	0e 94 4b 00 	call	0x96	; 0x96 <transmitByte>
  f4:	89 81       	ldd	r24, Y+1	; 0x01
  f6:	8f 5f       	subi	r24, 0xFF	; 255
  f8:	89 83       	std	Y+1, r24	; 0x01
  fa:	89 81       	ldd	r24, Y+1	; 0x01
  fc:	88 2f       	mov	r24, r24
  fe:	90 e0       	ldi	r25, 0x00	; 0
 100:	2a 81       	ldd	r18, Y+2	; 0x02
 102:	3b 81       	ldd	r19, Y+3	; 0x03
 104:	82 0f       	add	r24, r18
 106:	93 1f       	adc	r25, r19
 108:	fc 01       	movw	r30, r24
 10a:	80 81       	ld	r24, Z
 10c:	88 23       	and	r24, r24
 10e:	39 f7       	brne	.-50     	; 0xde <printString+0x14>
 110:	00 00       	nop
 112:	00 00       	nop
 114:	0f 90       	pop	r0
 116:	0f 90       	pop	r0
 118:	0f 90       	pop	r0
 11a:	df 91       	pop	r29
 11c:	cf 91       	pop	r28
 11e:	08 95       	ret

00000120 <main>:
 120:	cf 93       	push	r28
 122:	df 93       	push	r29
 124:	cd b7       	in	r28, 0x3d	; 61
 126:	de b7       	in	r29, 0x3e	; 62
 128:	a2 97       	sbiw	r28, 0x22	; 34
 12a:	0f b6       	in	r0, 0x3f	; 63
 12c:	f8 94       	cli
 12e:	de bf       	out	0x3e, r29	; 62
 130:	0f be       	out	0x3f, r0	; 63
 132:	cd bf       	out	0x3d, r28	; 61
 134:	84 e2       	ldi	r24, 0x24	; 36
 136:	90 e0       	ldi	r25, 0x00	; 0
 138:	21 e0       	ldi	r18, 0x01	; 1
 13a:	dc 01       	movw	r26, r24
 13c:	2c 93       	st	X, r18
 13e:	85 e2       	ldi	r24, 0x25	; 37
 140:	90 e0       	ldi	r25, 0x00	; 0
 142:	fc 01       	movw	r30, r24
 144:	10 82       	st	Z, r1
 146:	85 ec       	ldi	r24, 0xC5	; 197
 148:	90 e0       	ldi	r25, 0x00	; 0
 14a:	dc 01       	movw	r26, r24
 14c:	1c 92       	st	X, r1
 14e:	84 ec       	ldi	r24, 0xC4	; 196
 150:	90 e0       	ldi	r25, 0x00	; 0
 152:	2c e0       	ldi	r18, 0x0C	; 12
 154:	fc 01       	movw	r30, r24
 156:	20 83       	st	Z, r18
 158:	80 ec       	ldi	r24, 0xC0	; 192
 15a:	90 e0       	ldi	r25, 0x00	; 0
 15c:	dc 01       	movw	r26, r24
 15e:	2c 91       	ld	r18, X
 160:	80 ec       	ldi	r24, 0xC0	; 192
 162:	90 e0       	ldi	r25, 0x00	; 0
 164:	22 60       	ori	r18, 0x02	; 2
 166:	fc 01       	movw	r30, r24
 168:	20 83       	st	Z, r18
 16a:	81 ec       	ldi	r24, 0xC1	; 193
 16c:	90 e0       	ldi	r25, 0x00	; 0
 16e:	28 e4       	ldi	r18, 0x48	; 72
 170:	dc 01       	movw	r26, r24
 172:	2c 93       	st	X, r18
 174:	82 ec       	ldi	r24, 0xC2	; 194
 176:	90 e0       	ldi	r25, 0x00	; 0
 178:	26 e0       	ldi	r18, 0x06	; 6
 17a:	fc 01       	movw	r30, r24
 17c:	20 83       	st	Z, r18
 17e:	78 94       	sei
 180:	80 e0       	ldi	r24, 0x00	; 0
 182:	91 e0       	ldi	r25, 0x01	; 1
 184:	0e 94 65 00 	call	0xca	; 0xca <printString>
 188:	8c e1       	ldi	r24, 0x1C	; 28
 18a:	91 e0       	ldi	r25, 0x01	; 1
 18c:	0e 94 65 00 	call	0xca	; 0xca <printString>
 190:	80 e0       	ldi	r24, 0x00	; 0
 192:	90 e0       	ldi	r25, 0x00	; 0
 194:	aa e7       	ldi	r26, 0x7A	; 122
 196:	b4 e4       	ldi	r27, 0x44	; 68
 198:	89 83       	std	Y+1, r24	; 0x01
 19a:	9a 83       	std	Y+2, r25	; 0x02
 19c:	ab 83       	std	Y+3, r26	; 0x03
 19e:	bc 83       	std	Y+4, r27	; 0x04
 1a0:	20 e0       	ldi	r18, 0x00	; 0
 1a2:	30 e0       	ldi	r19, 0x00	; 0
 1a4:	4a e7       	ldi	r20, 0x7A	; 122
 1a6:	53 e4       	ldi	r21, 0x43	; 67
 1a8:	69 81       	ldd	r22, Y+1	; 0x01
 1aa:	7a 81       	ldd	r23, Y+2	; 0x02
 1ac:	8b 81       	ldd	r24, Y+3	; 0x03
 1ae:	9c 81       	ldd	r25, Y+4	; 0x04
 1b0:	0e 94 a6 02 	call	0x54c	; 0x54c <__mulsf3>
 1b4:	6b 8b       	std	Y+19, r22	; 0x13
 1b6:	7c 8b       	std	Y+20, r23	; 0x14
 1b8:	8d 8b       	std	Y+21, r24	; 0x15
 1ba:	9e 8b       	std	Y+22, r25	; 0x16
 1bc:	8b 89       	ldd	r24, Y+19	; 0x13
 1be:	9c 89       	ldd	r25, Y+20	; 0x14
 1c0:	ad 89       	ldd	r26, Y+21	; 0x15
 1c2:	be 89       	ldd	r27, Y+22	; 0x16
 1c4:	8d 83       	std	Y+5, r24	; 0x05
 1c6:	9e 83       	std	Y+6, r25	; 0x06
 1c8:	af 83       	std	Y+7, r26	; 0x07
 1ca:	b8 87       	std	Y+8, r27	; 0x08
 1cc:	20 e0       	ldi	r18, 0x00	; 0
 1ce:	30 e0       	ldi	r19, 0x00	; 0
 1d0:	40 e8       	ldi	r20, 0x80	; 128
 1d2:	5f e3       	ldi	r21, 0x3F	; 63
 1d4:	6d 81       	ldd	r22, Y+5	; 0x05
 1d6:	7e 81       	ldd	r23, Y+6	; 0x06
 1d8:	8f 81       	ldd	r24, Y+7	; 0x07
 1da:	98 85       	ldd	r25, Y+8	; 0x08
 1dc:	0e 94 20 02 	call	0x440	; 0x440 <__cmpsf2>
 1e0:	88 23       	and	r24, r24
 1e2:	2c f4       	brge	.+10     	; 0x1ee <main+0xce>
 1e4:	81 e0       	ldi	r24, 0x01	; 1
 1e6:	90 e0       	ldi	r25, 0x00	; 0
 1e8:	9a 87       	std	Y+10, r25	; 0x0a
 1ea:	89 87       	std	Y+9, r24	; 0x09
 1ec:	54 c0       	rjmp	.+168    	; 0x296 <main+0x176>
 1ee:	20 e0       	ldi	r18, 0x00	; 0
 1f0:	3f ef       	ldi	r19, 0xFF	; 255
 1f2:	4f e7       	ldi	r20, 0x7F	; 127
 1f4:	57 e4       	ldi	r21, 0x47	; 71
 1f6:	6d 81       	ldd	r22, Y+5	; 0x05
 1f8:	7e 81       	ldd	r23, Y+6	; 0x06
 1fa:	8f 81       	ldd	r24, Y+7	; 0x07
 1fc:	98 85       	ldd	r25, Y+8	; 0x08
 1fe:	0e 94 a1 02 	call	0x542	; 0x542 <__gesf2>
 202:	18 16       	cp	r1, r24
 204:	d4 f5       	brge	.+116    	; 0x27a <main+0x15a>
 206:	20 e0       	ldi	r18, 0x00	; 0
 208:	30 e0       	ldi	r19, 0x00	; 0
 20a:	40 e2       	ldi	r20, 0x20	; 32
 20c:	51 e4       	ldi	r21, 0x41	; 65
 20e:	69 81       	ldd	r22, Y+1	; 0x01
 210:	7a 81       	ldd	r23, Y+2	; 0x02
 212:	8b 81       	ldd	r24, Y+3	; 0x03
 214:	9c 81       	ldd	r25, Y+4	; 0x04
 216:	0e 94 a6 02 	call	0x54c	; 0x54c <__mulsf3>
 21a:	6f 8b       	std	Y+23, r22	; 0x17
 21c:	78 8f       	std	Y+24, r23	; 0x18
 21e:	89 8f       	std	Y+25, r24	; 0x19
 220:	9a 8f       	std	Y+26, r25	; 0x1a
 222:	8f 89       	ldd	r24, Y+23	; 0x17
 224:	98 8d       	ldd	r25, Y+24	; 0x18
 226:	a9 8d       	ldd	r26, Y+25	; 0x19
 228:	ba 8d       	ldd	r27, Y+26	; 0x1a
 22a:	8f 87       	std	Y+15, r24	; 0x0f
 22c:	98 8b       	std	Y+16, r25	; 0x10
 22e:	a9 8b       	std	Y+17, r26	; 0x11
 230:	ba 8b       	std	Y+18, r27	; 0x12
 232:	6f 85       	ldd	r22, Y+15	; 0x0f
 234:	78 89       	ldd	r23, Y+16	; 0x10
 236:	89 89       	ldd	r24, Y+17	; 0x11
 238:	9a 89       	ldd	r25, Y+18	; 0x12
 23a:	0e 94 25 02 	call	0x44a	; 0x44a <__fixunssfsi>
 23e:	6b 8f       	std	Y+27, r22	; 0x1b
 240:	7c 8f       	std	Y+28, r23	; 0x1c
 242:	8d 8f       	std	Y+29, r24	; 0x1d
 244:	9e 8f       	std	Y+30, r25	; 0x1e
 246:	ab 8d       	ldd	r26, Y+27	; 0x1b
 248:	bc 8d       	ldd	r27, Y+28	; 0x1c
 24a:	ba 87       	std	Y+10, r27	; 0x0a
 24c:	a9 87       	std	Y+9, r26	; 0x09
 24e:	10 c0       	rjmp	.+32     	; 0x270 <main+0x150>
 250:	89 e1       	ldi	r24, 0x19	; 25
 252:	90 e0       	ldi	r25, 0x00	; 0
 254:	9c 87       	std	Y+12, r25	; 0x0c
 256:	8b 87       	std	Y+11, r24	; 0x0b
 258:	8b 85       	ldd	r24, Y+11	; 0x0b
 25a:	9c 85       	ldd	r25, Y+12	; 0x0c
 25c:	01 97       	sbiw	r24, 0x01	; 1
 25e:	f1 f7       	brne	.-4      	; 0x25c <main+0x13c>
 260:	9c 87       	std	Y+12, r25	; 0x0c
 262:	8b 87       	std	Y+11, r24	; 0x0b
 264:	00 00       	nop
 266:	89 85       	ldd	r24, Y+9	; 0x09
 268:	9a 85       	ldd	r25, Y+10	; 0x0a
 26a:	01 97       	sbiw	r24, 0x01	; 1
 26c:	9a 87       	std	Y+10, r25	; 0x0a
 26e:	89 87       	std	Y+9, r24	; 0x09
 270:	89 85       	ldd	r24, Y+9	; 0x09
 272:	9a 85       	ldd	r25, Y+10	; 0x0a
 274:	89 2b       	or	r24, r25
 276:	61 f7       	brne	.-40     	; 0x250 <main+0x130>
 278:	19 c0       	rjmp	.+50     	; 0x2ac <main+0x18c>
 27a:	6d 81       	ldd	r22, Y+5	; 0x05
 27c:	7e 81       	ldd	r23, Y+6	; 0x06
 27e:	8f 81       	ldd	r24, Y+7	; 0x07
 280:	98 85       	ldd	r25, Y+8	; 0x08
 282:	0e 94 25 02 	call	0x44a	; 0x44a <__fixunssfsi>
 286:	6f 8f       	std	Y+31, r22	; 0x1f
 288:	78 a3       	std	Y+32, r23	; 0x20
 28a:	89 a3       	std	Y+33, r24	; 0x21
 28c:	9a a3       	std	Y+34, r25	; 0x22
 28e:	ef 8d       	ldd	r30, Y+31	; 0x1f
 290:	f8 a1       	ldd	r31, Y+32	; 0x20
 292:	fa 87       	std	Y+10, r31	; 0x0a
 294:	e9 87       	std	Y+9, r30	; 0x09
 296:	89 85       	ldd	r24, Y+9	; 0x09
 298:	9a 85       	ldd	r25, Y+10	; 0x0a
 29a:	9e 87       	std	Y+14, r25	; 0x0e
 29c:	8d 87       	std	Y+13, r24	; 0x0d
 29e:	8d 85       	ldd	r24, Y+13	; 0x0d
 2a0:	9e 85       	ldd	r25, Y+14	; 0x0e
 2a2:	01 97       	sbiw	r24, 0x01	; 1
 2a4:	f1 f7       	brne	.-4      	; 0x2a2 <main+0x182>
 2a6:	9e 87       	std	Y+14, r25	; 0x0e
 2a8:	8d 87       	std	Y+13, r24	; 0x0d
 2aa:	00 00       	nop
 2ac:	69 cf       	rjmp	.-302    	; 0x180 <main+0x60>

000002ae <__vector_20>:
 2ae:	1f 92       	push	r1
 2b0:	0f 92       	push	r0
 2b2:	0f b6       	in	r0, 0x3f	; 63
 2b4:	0f 92       	push	r0
 2b6:	11 24       	eor	r1, r1
 2b8:	2f 93       	push	r18
 2ba:	3f 93       	push	r19
 2bc:	4f 93       	push	r20
 2be:	5f 93       	push	r21
 2c0:	6f 93       	push	r22
 2c2:	7f 93       	push	r23
 2c4:	8f 93       	push	r24
 2c6:	9f 93       	push	r25
 2c8:	af 93       	push	r26
 2ca:	bf 93       	push	r27
 2cc:	ef 93       	push	r30
 2ce:	ff 93       	push	r31
 2d0:	cf 93       	push	r28
 2d2:	df 93       	push	r29
 2d4:	cd b7       	in	r28, 0x3d	; 61
 2d6:	de b7       	in	r29, 0x3e	; 62
 2d8:	a2 97       	sbiw	r28, 0x22	; 34
 2da:	de bf       	out	0x3e, r29	; 62
 2dc:	cd bf       	out	0x3d, r28	; 61
 2de:	85 e2       	ldi	r24, 0x25	; 37
 2e0:	90 e0       	ldi	r25, 0x00	; 0
 2e2:	21 e0       	ldi	r18, 0x01	; 1
 2e4:	dc 01       	movw	r26, r24
 2e6:	2c 93       	st	X, r18
 2e8:	80 e0       	ldi	r24, 0x00	; 0
 2ea:	90 e0       	ldi	r25, 0x00	; 0
 2ec:	aa e7       	ldi	r26, 0x7A	; 122
 2ee:	b4 e4       	ldi	r27, 0x44	; 68
 2f0:	89 83       	std	Y+1, r24	; 0x01
 2f2:	9a 83       	std	Y+2, r25	; 0x02
 2f4:	ab 83       	std	Y+3, r26	; 0x03
 2f6:	bc 83       	std	Y+4, r27	; 0x04
 2f8:	20 e0       	ldi	r18, 0x00	; 0
 2fa:	30 e0       	ldi	r19, 0x00	; 0
 2fc:	4a e7       	ldi	r20, 0x7A	; 122
 2fe:	53 e4       	ldi	r21, 0x43	; 67
 300:	69 81       	ldd	r22, Y+1	; 0x01
 302:	7a 81       	ldd	r23, Y+2	; 0x02
 304:	8b 81       	ldd	r24, Y+3	; 0x03
 306:	9c 81       	ldd	r25, Y+4	; 0x04
 308:	0e 94 a6 02 	call	0x54c	; 0x54c <__mulsf3>
 30c:	6b 8b       	std	Y+19, r22	; 0x13
 30e:	7c 8b       	std	Y+20, r23	; 0x14
 310:	8d 8b       	std	Y+21, r24	; 0x15
 312:	9e 8b       	std	Y+22, r25	; 0x16
 314:	8b 89       	ldd	r24, Y+19	; 0x13
 316:	9c 89       	ldd	r25, Y+20	; 0x14
 318:	ad 89       	ldd	r26, Y+21	; 0x15
 31a:	be 89       	ldd	r27, Y+22	; 0x16
 31c:	8d 83       	std	Y+5, r24	; 0x05
 31e:	9e 83       	std	Y+6, r25	; 0x06
 320:	af 83       	std	Y+7, r26	; 0x07
 322:	b8 87       	std	Y+8, r27	; 0x08
 324:	20 e0       	ldi	r18, 0x00	; 0
 326:	30 e0       	ldi	r19, 0x00	; 0
 328:	40 e8       	ldi	r20, 0x80	; 128
 32a:	5f e3       	ldi	r21, 0x3F	; 63
 32c:	6d 81       	ldd	r22, Y+5	; 0x05
 32e:	7e 81       	ldd	r23, Y+6	; 0x06
 330:	8f 81       	ldd	r24, Y+7	; 0x07
 332:	98 85       	ldd	r25, Y+8	; 0x08
 334:	0e 94 20 02 	call	0x440	; 0x440 <__cmpsf2>
 338:	88 23       	and	r24, r24
 33a:	2c f4       	brge	.+10     	; 0x346 <__vector_20+0x98>
 33c:	81 e0       	ldi	r24, 0x01	; 1
 33e:	90 e0       	ldi	r25, 0x00	; 0
 340:	9a 87       	std	Y+10, r25	; 0x0a
 342:	89 87       	std	Y+9, r24	; 0x09
 344:	54 c0       	rjmp	.+168    	; 0x3ee <__vector_20+0x140>
 346:	20 e0       	ldi	r18, 0x00	; 0
 348:	3f ef       	ldi	r19, 0xFF	; 255
 34a:	4f e7       	ldi	r20, 0x7F	; 127
 34c:	57 e4       	ldi	r21, 0x47	; 71
 34e:	6d 81       	ldd	r22, Y+5	; 0x05
 350:	7e 81       	ldd	r23, Y+6	; 0x06
 352:	8f 81       	ldd	r24, Y+7	; 0x07
 354:	98 85       	ldd	r25, Y+8	; 0x08
 356:	0e 94 a1 02 	call	0x542	; 0x542 <__gesf2>
 35a:	18 16       	cp	r1, r24
 35c:	d4 f5       	brge	.+116    	; 0x3d2 <__vector_20+0x124>
 35e:	20 e0       	ldi	r18, 0x00	; 0
 360:	30 e0       	ldi	r19, 0x00	; 0
 362:	40 e2       	ldi	r20, 0x20	; 32
 364:	51 e4       	ldi	r21, 0x41	; 65
 366:	69 81       	ldd	r22, Y+1	; 0x01
 368:	7a 81       	ldd	r23, Y+2	; 0x02
 36a:	8b 81       	ldd	r24, Y+3	; 0x03
 36c:	9c 81       	ldd	r25, Y+4	; 0x04
 36e:	0e 94 a6 02 	call	0x54c	; 0x54c <__mulsf3>
 372:	6f 8b       	std	Y+23, r22	; 0x17
 374:	78 8f       	std	Y+24, r23	; 0x18
 376:	89 8f       	std	Y+25, r24	; 0x19
 378:	9a 8f       	std	Y+26, r25	; 0x1a
 37a:	8f 89       	ldd	r24, Y+23	; 0x17
 37c:	98 8d       	ldd	r25, Y+24	; 0x18
 37e:	a9 8d       	ldd	r26, Y+25	; 0x19
 380:	ba 8d       	ldd	r27, Y+26	; 0x1a
 382:	8f 87       	std	Y+15, r24	; 0x0f
 384:	98 8b       	std	Y+16, r25	; 0x10
 386:	a9 8b       	std	Y+17, r26	; 0x11
 388:	ba 8b       	std	Y+18, r27	; 0x12
 38a:	6f 85       	ldd	r22, Y+15	; 0x0f
 38c:	78 89       	ldd	r23, Y+16	; 0x10
 38e:	89 89       	ldd	r24, Y+17	; 0x11
 390:	9a 89       	ldd	r25, Y+18	; 0x12
 392:	0e 94 25 02 	call	0x44a	; 0x44a <__fixunssfsi>
 396:	6b 8f       	std	Y+27, r22	; 0x1b
 398:	7c 8f       	std	Y+28, r23	; 0x1c
 39a:	8d 8f       	std	Y+29, r24	; 0x1d
 39c:	9e 8f       	std	Y+30, r25	; 0x1e
 39e:	ab 8d       	ldd	r26, Y+27	; 0x1b
 3a0:	bc 8d       	ldd	r27, Y+28	; 0x1c
 3a2:	ba 87       	std	Y+10, r27	; 0x0a
 3a4:	a9 87       	std	Y+9, r26	; 0x09
 3a6:	10 c0       	rjmp	.+32     	; 0x3c8 <__vector_20+0x11a>
 3a8:	89 e1       	ldi	r24, 0x19	; 25
 3aa:	90 e0       	ldi	r25, 0x00	; 0
 3ac:	9c 87       	std	Y+12, r25	; 0x0c
 3ae:	8b 87       	std	Y+11, r24	; 0x0b
 3b0:	8b 85       	ldd	r24, Y+11	; 0x0b
 3b2:	9c 85       	ldd	r25, Y+12	; 0x0c
 3b4:	01 97       	sbiw	r24, 0x01	; 1
 3b6:	f1 f7       	brne	.-4      	; 0x3b4 <__vector_20+0x106>
 3b8:	9c 87       	std	Y+12, r25	; 0x0c
 3ba:	8b 87       	std	Y+11, r24	; 0x0b
 3bc:	00 00       	nop
 3be:	89 85       	ldd	r24, Y+9	; 0x09
 3c0:	9a 85       	ldd	r25, Y+10	; 0x0a
 3c2:	01 97       	sbiw	r24, 0x01	; 1
 3c4:	9a 87       	std	Y+10, r25	; 0x0a
 3c6:	89 87       	std	Y+9, r24	; 0x09
 3c8:	89 85       	ldd	r24, Y+9	; 0x09
 3ca:	9a 85       	ldd	r25, Y+10	; 0x0a
 3cc:	89 2b       	or	r24, r25
 3ce:	61 f7       	brne	.-40     	; 0x3a8 <__vector_20+0xfa>
 3d0:	19 c0       	rjmp	.+50     	; 0x404 <__FUSE_REGION_LENGTH__+0x4>
 3d2:	6d 81       	ldd	r22, Y+5	; 0x05
 3d4:	7e 81       	ldd	r23, Y+6	; 0x06
 3d6:	8f 81       	ldd	r24, Y+7	; 0x07
 3d8:	98 85       	ldd	r25, Y+8	; 0x08
 3da:	0e 94 25 02 	call	0x44a	; 0x44a <__fixunssfsi>
 3de:	6f 8f       	std	Y+31, r22	; 0x1f
 3e0:	78 a3       	std	Y+32, r23	; 0x20
 3e2:	89 a3       	std	Y+33, r24	; 0x21
 3e4:	9a a3       	std	Y+34, r25	; 0x22
 3e6:	ef 8d       	ldd	r30, Y+31	; 0x1f
 3e8:	f8 a1       	ldd	r31, Y+32	; 0x20
 3ea:	fa 87       	std	Y+10, r31	; 0x0a
 3ec:	e9 87       	std	Y+9, r30	; 0x09
 3ee:	89 85       	ldd	r24, Y+9	; 0x09
 3f0:	9a 85       	ldd	r25, Y+10	; 0x0a
 3f2:	9e 87       	std	Y+14, r25	; 0x0e
 3f4:	8d 87       	std	Y+13, r24	; 0x0d
 3f6:	8d 85       	ldd	r24, Y+13	; 0x0d
 3f8:	9e 85       	ldd	r25, Y+14	; 0x0e
 3fa:	01 97       	sbiw	r24, 0x01	; 1
 3fc:	f1 f7       	brne	.-4      	; 0x3fa <__vector_20+0x14c>
 3fe:	9e 87       	std	Y+14, r25	; 0x0e
 400:	8d 87       	std	Y+13, r24	; 0x0d
 402:	00 00       	nop
 404:	85 e2       	ldi	r24, 0x25	; 37
 406:	90 e0       	ldi	r25, 0x00	; 0
 408:	dc 01       	movw	r26, r24
 40a:	1c 92       	st	X, r1
 40c:	00 00       	nop
 40e:	a2 96       	adiw	r28, 0x22	; 34
 410:	0f b6       	in	r0, 0x3f	; 63
 412:	f8 94       	cli
 414:	de bf       	out	0x3e, r29	; 62
 416:	0f be       	out	0x3f, r0	; 63
 418:	cd bf       	out	0x3d, r28	; 61
 41a:	df 91       	pop	r29
 41c:	cf 91       	pop	r28
 41e:	ff 91       	pop	r31
 420:	ef 91       	pop	r30
 422:	bf 91       	pop	r27
 424:	af 91       	pop	r26
 426:	9f 91       	pop	r25
 428:	8f 91       	pop	r24
 42a:	7f 91       	pop	r23
 42c:	6f 91       	pop	r22
 42e:	5f 91       	pop	r21
 430:	4f 91       	pop	r20
 432:	3f 91       	pop	r19
 434:	2f 91       	pop	r18
 436:	0f 90       	pop	r0
 438:	0f be       	out	0x3f, r0	; 63
 43a:	0f 90       	pop	r0
 43c:	1f 90       	pop	r1
 43e:	18 95       	reti

00000440 <__cmpsf2>:
 440:	0e 94 54 02 	call	0x4a8	; 0x4a8 <__fp_cmp>
 444:	08 f4       	brcc	.+2      	; 0x448 <__cmpsf2+0x8>
 446:	81 e0       	ldi	r24, 0x01	; 1
 448:	08 95       	ret

0000044a <__fixunssfsi>:
 44a:	0e 94 80 02 	call	0x500	; 0x500 <__fp_splitA>
 44e:	88 f0       	brcs	.+34     	; 0x472 <__fixunssfsi+0x28>
 450:	9f 57       	subi	r25, 0x7F	; 127
 452:	98 f0       	brcs	.+38     	; 0x47a <__fixunssfsi+0x30>
 454:	b9 2f       	mov	r27, r25
 456:	99 27       	eor	r25, r25
 458:	b7 51       	subi	r27, 0x17	; 23
 45a:	b0 f0       	brcs	.+44     	; 0x488 <__fixunssfsi+0x3e>
 45c:	e1 f0       	breq	.+56     	; 0x496 <__fixunssfsi+0x4c>
 45e:	66 0f       	add	r22, r22
 460:	77 1f       	adc	r23, r23
 462:	88 1f       	adc	r24, r24
 464:	99 1f       	adc	r25, r25
 466:	1a f0       	brmi	.+6      	; 0x46e <__fixunssfsi+0x24>
 468:	ba 95       	dec	r27
 46a:	c9 f7       	brne	.-14     	; 0x45e <__fixunssfsi+0x14>
 46c:	14 c0       	rjmp	.+40     	; 0x496 <__fixunssfsi+0x4c>
 46e:	b1 30       	cpi	r27, 0x01	; 1
 470:	91 f0       	breq	.+36     	; 0x496 <__fixunssfsi+0x4c>
 472:	0e 94 9a 02 	call	0x534	; 0x534 <__fp_zero>
 476:	b1 e0       	ldi	r27, 0x01	; 1
 478:	08 95       	ret
 47a:	0c 94 9a 02 	jmp	0x534	; 0x534 <__fp_zero>
 47e:	67 2f       	mov	r22, r23
 480:	78 2f       	mov	r23, r24
 482:	88 27       	eor	r24, r24
 484:	b8 5f       	subi	r27, 0xF8	; 248
 486:	39 f0       	breq	.+14     	; 0x496 <__fixunssfsi+0x4c>
 488:	b9 3f       	cpi	r27, 0xF9	; 249
 48a:	cc f3       	brlt	.-14     	; 0x47e <__fixunssfsi+0x34>
 48c:	86 95       	lsr	r24
 48e:	77 95       	ror	r23
 490:	67 95       	ror	r22
 492:	b3 95       	inc	r27
 494:	d9 f7       	brne	.-10     	; 0x48c <__fixunssfsi+0x42>
 496:	3e f4       	brtc	.+14     	; 0x4a6 <__fixunssfsi+0x5c>
 498:	90 95       	com	r25
 49a:	80 95       	com	r24
 49c:	70 95       	com	r23
 49e:	61 95       	neg	r22
 4a0:	7f 4f       	sbci	r23, 0xFF	; 255
 4a2:	8f 4f       	sbci	r24, 0xFF	; 255
 4a4:	9f 4f       	sbci	r25, 0xFF	; 255
 4a6:	08 95       	ret

000004a8 <__fp_cmp>:
 4a8:	99 0f       	add	r25, r25
 4aa:	00 08       	sbc	r0, r0
 4ac:	55 0f       	add	r21, r21
 4ae:	aa 0b       	sbc	r26, r26
 4b0:	e0 e8       	ldi	r30, 0x80	; 128
 4b2:	fe ef       	ldi	r31, 0xFE	; 254
 4b4:	16 16       	cp	r1, r22
 4b6:	17 06       	cpc	r1, r23
 4b8:	e8 07       	cpc	r30, r24
 4ba:	f9 07       	cpc	r31, r25
 4bc:	c0 f0       	brcs	.+48     	; 0x4ee <__fp_cmp+0x46>
 4be:	12 16       	cp	r1, r18
 4c0:	13 06       	cpc	r1, r19
 4c2:	e4 07       	cpc	r30, r20
 4c4:	f5 07       	cpc	r31, r21
 4c6:	98 f0       	brcs	.+38     	; 0x4ee <__fp_cmp+0x46>
 4c8:	62 1b       	sub	r22, r18
 4ca:	73 0b       	sbc	r23, r19
 4cc:	84 0b       	sbc	r24, r20
 4ce:	95 0b       	sbc	r25, r21
 4d0:	39 f4       	brne	.+14     	; 0x4e0 <__fp_cmp+0x38>
 4d2:	0a 26       	eor	r0, r26
 4d4:	61 f0       	breq	.+24     	; 0x4ee <__fp_cmp+0x46>
 4d6:	23 2b       	or	r18, r19
 4d8:	24 2b       	or	r18, r20
 4da:	25 2b       	or	r18, r21
 4dc:	21 f4       	brne	.+8      	; 0x4e6 <__fp_cmp+0x3e>
 4de:	08 95       	ret
 4e0:	0a 26       	eor	r0, r26
 4e2:	09 f4       	brne	.+2      	; 0x4e6 <__fp_cmp+0x3e>
 4e4:	a1 40       	sbci	r26, 0x01	; 1
 4e6:	a6 95       	lsr	r26
 4e8:	8f ef       	ldi	r24, 0xFF	; 255
 4ea:	81 1d       	adc	r24, r1
 4ec:	81 1d       	adc	r24, r1
 4ee:	08 95       	ret

000004f0 <__fp_split3>:
 4f0:	57 fd       	sbrc	r21, 7
 4f2:	90 58       	subi	r25, 0x80	; 128
 4f4:	44 0f       	add	r20, r20
 4f6:	55 1f       	adc	r21, r21
 4f8:	59 f0       	breq	.+22     	; 0x510 <__fp_splitA+0x10>
 4fa:	5f 3f       	cpi	r21, 0xFF	; 255
 4fc:	71 f0       	breq	.+28     	; 0x51a <__fp_splitA+0x1a>
 4fe:	47 95       	ror	r20

00000500 <__fp_splitA>:
 500:	88 0f       	add	r24, r24
 502:	97 fb       	bst	r25, 7
 504:	99 1f       	adc	r25, r25
 506:	61 f0       	breq	.+24     	; 0x520 <__fp_splitA+0x20>
 508:	9f 3f       	cpi	r25, 0xFF	; 255
 50a:	79 f0       	breq	.+30     	; 0x52a <__fp_splitA+0x2a>
 50c:	87 95       	ror	r24
 50e:	08 95       	ret
 510:	12 16       	cp	r1, r18
 512:	13 06       	cpc	r1, r19
 514:	14 06       	cpc	r1, r20
 516:	55 1f       	adc	r21, r21
 518:	f2 cf       	rjmp	.-28     	; 0x4fe <__fp_split3+0xe>
 51a:	46 95       	lsr	r20
 51c:	f1 df       	rcall	.-30     	; 0x500 <__fp_splitA>
 51e:	08 c0       	rjmp	.+16     	; 0x530 <__fp_splitA+0x30>
 520:	16 16       	cp	r1, r22
 522:	17 06       	cpc	r1, r23
 524:	18 06       	cpc	r1, r24
 526:	99 1f       	adc	r25, r25
 528:	f1 cf       	rjmp	.-30     	; 0x50c <__fp_splitA+0xc>
 52a:	86 95       	lsr	r24
 52c:	71 05       	cpc	r23, r1
 52e:	61 05       	cpc	r22, r1
 530:	08 94       	sec
 532:	08 95       	ret

00000534 <__fp_zero>:
 534:	e8 94       	clt

00000536 <__fp_szero>:
 536:	bb 27       	eor	r27, r27
 538:	66 27       	eor	r22, r22
 53a:	77 27       	eor	r23, r23
 53c:	cb 01       	movw	r24, r22
 53e:	97 f9       	bld	r25, 7
 540:	08 95       	ret

00000542 <__gesf2>:
 542:	0e 94 54 02 	call	0x4a8	; 0x4a8 <__fp_cmp>
 546:	08 f4       	brcc	.+2      	; 0x54a <__gesf2+0x8>
 548:	8f ef       	ldi	r24, 0xFF	; 255
 54a:	08 95       	ret

0000054c <__mulsf3>:
 54c:	0e 94 b9 02 	call	0x572	; 0x572 <__mulsf3x>
 550:	0c 94 2a 03 	jmp	0x654	; 0x654 <__fp_round>
 554:	0e 94 1c 03 	call	0x638	; 0x638 <__fp_pscA>
 558:	38 f0       	brcs	.+14     	; 0x568 <__mulsf3+0x1c>
 55a:	0e 94 23 03 	call	0x646	; 0x646 <__fp_pscB>
 55e:	20 f0       	brcs	.+8      	; 0x568 <__mulsf3+0x1c>
 560:	95 23       	and	r25, r21
 562:	11 f0       	breq	.+4      	; 0x568 <__mulsf3+0x1c>
 564:	0c 94 13 03 	jmp	0x626	; 0x626 <__fp_inf>
 568:	0c 94 19 03 	jmp	0x632	; 0x632 <__fp_nan>
 56c:	11 24       	eor	r1, r1
 56e:	0c 94 9b 02 	jmp	0x536	; 0x536 <__fp_szero>

00000572 <__mulsf3x>:
 572:	0e 94 78 02 	call	0x4f0	; 0x4f0 <__fp_split3>
 576:	70 f3       	brcs	.-36     	; 0x554 <__mulsf3+0x8>

00000578 <__mulsf3_pse>:
 578:	95 9f       	mul	r25, r21
 57a:	c1 f3       	breq	.-16     	; 0x56c <__mulsf3+0x20>
 57c:	95 0f       	add	r25, r21
 57e:	50 e0       	ldi	r21, 0x00	; 0
 580:	55 1f       	adc	r21, r21
 582:	62 9f       	mul	r22, r18
 584:	f0 01       	movw	r30, r0
 586:	72 9f       	mul	r23, r18
 588:	bb 27       	eor	r27, r27
 58a:	f0 0d       	add	r31, r0
 58c:	b1 1d       	adc	r27, r1
 58e:	63 9f       	mul	r22, r19
 590:	aa 27       	eor	r26, r26
 592:	f0 0d       	add	r31, r0
 594:	b1 1d       	adc	r27, r1
 596:	aa 1f       	adc	r26, r26
 598:	64 9f       	mul	r22, r20
 59a:	66 27       	eor	r22, r22
 59c:	b0 0d       	add	r27, r0
 59e:	a1 1d       	adc	r26, r1
 5a0:	66 1f       	adc	r22, r22
 5a2:	82 9f       	mul	r24, r18
 5a4:	22 27       	eor	r18, r18
 5a6:	b0 0d       	add	r27, r0
 5a8:	a1 1d       	adc	r26, r1
 5aa:	62 1f       	adc	r22, r18
 5ac:	73 9f       	mul	r23, r19
 5ae:	b0 0d       	add	r27, r0
 5b0:	a1 1d       	adc	r26, r1
 5b2:	62 1f       	adc	r22, r18
 5b4:	83 9f       	mul	r24, r19
 5b6:	a0 0d       	add	r26, r0
 5b8:	61 1d       	adc	r22, r1
 5ba:	22 1f       	adc	r18, r18
 5bc:	74 9f       	mul	r23, r20
 5be:	33 27       	eor	r19, r19
 5c0:	a0 0d       	add	r26, r0
 5c2:	61 1d       	adc	r22, r1
 5c4:	23 1f       	adc	r18, r19
 5c6:	84 9f       	mul	r24, r20
 5c8:	60 0d       	add	r22, r0
 5ca:	21 1d       	adc	r18, r1
 5cc:	82 2f       	mov	r24, r18
 5ce:	76 2f       	mov	r23, r22
 5d0:	6a 2f       	mov	r22, r26
 5d2:	11 24       	eor	r1, r1
 5d4:	9f 57       	subi	r25, 0x7F	; 127
 5d6:	50 40       	sbci	r21, 0x00	; 0
 5d8:	9a f0       	brmi	.+38     	; 0x600 <__mulsf3_pse+0x88>
 5da:	f1 f0       	breq	.+60     	; 0x618 <__mulsf3_pse+0xa0>
 5dc:	88 23       	and	r24, r24
 5de:	4a f0       	brmi	.+18     	; 0x5f2 <__mulsf3_pse+0x7a>
 5e0:	ee 0f       	add	r30, r30
 5e2:	ff 1f       	adc	r31, r31
 5e4:	bb 1f       	adc	r27, r27
 5e6:	66 1f       	adc	r22, r22
 5e8:	77 1f       	adc	r23, r23
 5ea:	88 1f       	adc	r24, r24
 5ec:	91 50       	subi	r25, 0x01	; 1
 5ee:	50 40       	sbci	r21, 0x00	; 0
 5f0:	a9 f7       	brne	.-22     	; 0x5dc <__mulsf3_pse+0x64>
 5f2:	9e 3f       	cpi	r25, 0xFE	; 254
 5f4:	51 05       	cpc	r21, r1
 5f6:	80 f0       	brcs	.+32     	; 0x618 <__mulsf3_pse+0xa0>
 5f8:	0c 94 13 03 	jmp	0x626	; 0x626 <__fp_inf>
 5fc:	0c 94 9b 02 	jmp	0x536	; 0x536 <__fp_szero>
 600:	5f 3f       	cpi	r21, 0xFF	; 255
 602:	e4 f3       	brlt	.-8      	; 0x5fc <__mulsf3_pse+0x84>
 604:	98 3e       	cpi	r25, 0xE8	; 232
 606:	d4 f3       	brlt	.-12     	; 0x5fc <__mulsf3_pse+0x84>
 608:	86 95       	lsr	r24
 60a:	77 95       	ror	r23
 60c:	67 95       	ror	r22
 60e:	b7 95       	ror	r27
 610:	f7 95       	ror	r31
 612:	e7 95       	ror	r30
 614:	9f 5f       	subi	r25, 0xFF	; 255
 616:	c1 f7       	brne	.-16     	; 0x608 <__mulsf3_pse+0x90>
 618:	fe 2b       	or	r31, r30
 61a:	88 0f       	add	r24, r24
 61c:	91 1d       	adc	r25, r1
 61e:	96 95       	lsr	r25
 620:	87 95       	ror	r24
 622:	97 f9       	bld	r25, 7
 624:	08 95       	ret

00000626 <__fp_inf>:
 626:	97 f9       	bld	r25, 7
 628:	9f 67       	ori	r25, 0x7F	; 127
 62a:	80 e8       	ldi	r24, 0x80	; 128
 62c:	70 e0       	ldi	r23, 0x00	; 0
 62e:	60 e0       	ldi	r22, 0x00	; 0
 630:	08 95       	ret

00000632 <__fp_nan>:
 632:	9f ef       	ldi	r25, 0xFF	; 255
 634:	80 ec       	ldi	r24, 0xC0	; 192
 636:	08 95       	ret

00000638 <__fp_pscA>:
 638:	00 24       	eor	r0, r0
 63a:	0a 94       	dec	r0
 63c:	16 16       	cp	r1, r22
 63e:	17 06       	cpc	r1, r23
 640:	18 06       	cpc	r1, r24
 642:	09 06       	cpc	r0, r25
 644:	08 95       	ret

00000646 <__fp_pscB>:
 646:	00 24       	eor	r0, r0
 648:	0a 94       	dec	r0
 64a:	12 16       	cp	r1, r18
 64c:	13 06       	cpc	r1, r19
 64e:	14 06       	cpc	r1, r20
 650:	05 06       	cpc	r0, r21
 652:	08 95       	ret

00000654 <__fp_round>:
 654:	09 2e       	mov	r0, r25
 656:	03 94       	inc	r0
 658:	00 0c       	add	r0, r0
 65a:	11 f4       	brne	.+4      	; 0x660 <__fp_round+0xc>
 65c:	88 23       	and	r24, r24
 65e:	52 f0       	brmi	.+20     	; 0x674 <__fp_round+0x20>
 660:	bb 0f       	add	r27, r27
 662:	40 f4       	brcc	.+16     	; 0x674 <__fp_round+0x20>
 664:	bf 2b       	or	r27, r31
 666:	11 f4       	brne	.+4      	; 0x66c <__fp_round+0x18>
 668:	60 ff       	sbrs	r22, 0
 66a:	04 c0       	rjmp	.+8      	; 0x674 <__fp_round+0x20>
 66c:	6f 5f       	subi	r22, 0xFF	; 255
 66e:	7f 4f       	sbci	r23, 0xFF	; 255
 670:	8f 4f       	sbci	r24, 0xFF	; 255
 672:	9f 4f       	sbci	r25, 0xFF	; 255
 674:	08 95       	ret

00000676 <_exit>:
 676:	f8 94       	cli

00000678 <__stop_program>:
 678:	ff cf       	rjmp	.-2      	; 0x678 <__stop_program>
